<?xml version="1.0" encoding="UTF-8"?>
<!-- Generated by org.testng.reporters.JUnitXMLReporter -->
<testsuite ignored="0" hostname="david" failures="0" tests="4" name="Default test" time="19.744" errors="0" timestamp="2024-08-19T11:11:41 IST">
  <testcase classname="com.TestNg_concepts.ParameterTest" name="loginTest" time="1.036"/>
  <testcase classname="com.TestNg_concepts.ParameterTest" name="loginTest" time="0.515"/>
  <testcase classname="com.TestNg_concepts.ParameterTest" name="loginTest" time="0.529"/>
  <testcase classname="com.TestNg_concepts.ParameterTest" name="loginTest" time="0.501"/>
</testsuite> <!-- Default test -->
