<?xml version="1.0" encoding="UTF-8"?>
<!-- Generated by org.testng.reporters.JUnitXMLReporter -->
<testsuite ignored="0" hostname="david" failures="0" tests="6" name="Test" time="0.113" errors="0" timestamp="2024-08-15T13:16:56 IST">
  <testcase classname="com.TestNg_concepts.GroupTest" name="dell" time="0.011"/>
  <testcase classname="com.TestNg_concepts.GroupTest" name="hp" time="0.001"/>
  <testcase classname="com.TestNg_concepts.GroupTest" name="lenova" time="0.001"/>
  <testcase classname="com.TestNg_concepts.GroupTest" name="iphone" time="0.002"/>
  <testcase classname="com.TestNg_concepts.GroupTest" name="samsung" time="0.002"/>
  <testcase classname="com.TestNg_concepts.GroupTest" name="vivo" time="0.002"/>
</testsuite> <!-- Test -->
